<?xml version="1.0" encoding="UTF-8"?>
<!-- Generated by org.testng.reporters.JUnitReportReporter -->
<testsuite hostname="Prashant" failures="0" tests="1" name="cucumberoptiond.testngrunner" time="0.158" errors="1" timestamp="2025-12-19T19:11:23 IST" skipped="0">
  <testcase classname="cucumberoptiond.testngrunner" name="runScenario" time="0.158">
    <error message="TODO: implement me" type="io.cucumber.java.PendingException">
      <![CDATA[io.cucumber.java.PendingException: TODO: implement me
at styepdefinition.mainstep.user_is_on_net_b_nanking_landing_page(mainstep.java:11)
at ✽.User is on NetBNanking landing page(file:///C:/Users/prash/eclipse-workspace/Selenium/src/test/java/features/Firstprogram.feature:7)
]]>
    </error>
  </testcase> <!-- runScenario -->
</testsuite> <!-- cucumberoptiond.testngrunner -->
